<?xml version="1.0" encoding="UTF-8"?>
<!-- Generated by org.testng.reporters.JUnitReportReporter -->
<testsuite hostname="Shairins-MacBook-Air.local" failures="0" tests="2" name="com.test.MultiTest" time="31.794" errors="0" timestamp="2025-04-12T21:51:25 IST" skipped="0">
  <testcase classname="com.test.MultiTest" name="SelectDropDown" time="18.869"/>
  <testcase classname="com.test.MultiTest" name="AdvanceDropDown" time="12.925"/>
</testsuite> <!-- com.test.MultiTest -->
