<?xml version="1.0" encoding="UTF-8"?>
<!-- Generated by org.testng.reporters.JUnitReportReporter -->
<testsuite hostname="Shairins-MacBook-Pro.local" failures="0" tests="2" name="com.test2.Multitest2" time="30.140" errors="0" timestamp="2025-06-23T19:50:32 IST" skipped="0">
  <testcase classname="com.test2.Multitest2" name="SelectIndia" time="27.146"/>
  <testcase classname="com.test2.Multitest2" name="FillForm" time="2.994"/>
</testsuite> <!-- com.test2.Multitest2 -->
