<?xml version="1.0" encoding="UTF-8"?>
<!-- Generated by org.testng.reporters.JUnitReportReporter -->
<testsuite hostname="Shairins-MacBook-Air.local" failures="0" tests="2" name="com.test.Mavenpractise2.Multitest2" time="22.566" errors="0" timestamp="2024-09-11T22:12:13 IST" skipped="0">
  <testcase classname="com.test.Mavenpractise2.Multitest2" name="SelectIndia" time="16.728"/>
  <system-out/>
  <testcase classname="com.test.Mavenpractise2.Multitest2" name="FillForm" time="5.838"/>
  <system-out/>
</testsuite> <!-- com.test.Mavenpractise2.Multitest2 -->
